MonoTouch: Could not install sigaction override, unexpected sigaction implementation.
2019-07-23 02:22:49.240107+0530 pulse.iOS[84071:6029323] SecTaskLoadEntitlements failed error=22 cs_flags=200, pid=84071
2019-07-23 02:22:49.240558+0530 pulse.iOS[84071:6029323] SecTaskCopyDebugDescription: pulse.iOS[84071]/0#-1 LF=0
2019-07-23 02:22:49.810035+0530 pulse.iOS[84071:6029323] SecTaskLoadEntitlements failed error=22 cs_flags=200, pid=84071
2019-07-23 02:22:49.810290+0530 pulse.iOS[84071:6029323] SecTaskCopyDebugDescription: pulse.iOS[84071]/0#-1 LF=0
2019-07-23 02:22:50.096447+0530 pulse.iOS[84071:6029323] SecTaskLoadEntitlements failed error=22 cs_flags=200, pid=84071
2019-07-23 02:22:50.096748+0530 pulse.iOS[84071:6029323] SecTaskCopyDebugDescription: pulse.iOS[84071]/0#-1 LF=0
2019-07-23 02:22:50.358571+0530 pulse.iOS[84071:6029323] [Client] Synchronous remote object proxy returned error: Error Domain=NSCocoaErrorDomain Code=4099 "The connection to service named com.apple.commcenter.coretelephony.xpc was invalidated." UserInfo={NSDebugDescription=The connection to service named com.apple.commcenter.coretelephony.xpc was invalidated.}
2019-07-23 02:22:50.358625+0530 pulse.iOS[84071:6029374] [Client] Remote object proxy returned error: Error Domain=NSCocoaErrorDomain Code=4099 "The connection to service named com.apple.commcenter.coretelephony.xpc was invalidated." UserInfo={NSDebugDescription=The connection to service named com.apple.commcenter.coretelephony.xpc was invalidated.}
2019-07-23 02:22:50.358781+0530 pulse.iOS[84071:6029323] [NetworkInfo] Descriptors query returned error: Error Domain=NSCocoaErrorDomain Code=4099 "The connection to service named com.apple.commcenter.coretelephony.xpc was invalidated." UserInfo={NSDebugDescription=The connection to service named com.apple.commcenter.coretelephony.xpc was invalidated.}
2019-07-23 02:22:50.358801+0530 pulse.iOS[84071:6029374] [Client] Remote object proxy returned error: Error Domain=NSCocoaErrorDomain Code=4099 "The connection to service named com.apple.commcenter.coretelephony.xpc was invalidated." UserInfo={NSDebugDescription=The connection to service named com.apple.commcenter.coretelephony.xpc was invalidated.}
2019-07-23 02:22:50.360293+0530 pulse.iOS[84071:6029323] [Client] Synchronous remote object proxy returned error: Error Domain=NSCocoaErrorDomain Code=4099 "The connection to service named com.apple.commcenter.coretelephony.xpc was invalidated." UserInfo={NSDebugDescription=The connection to service named com.apple.commcenter.coretelephony.xpc was invalidated.}
2019-07-23 02:22:50.360386+0530 pulse.iOS[84071:6029375] [Client] Remote object proxy returned error: Error Domain=NSCocoaErrorDomain Code=4099 "The connection to service named com.apple.commcenter.coretelephony.xpc was invalidated." UserInfo={NSDebugDescription=The connection to service named com.apple.commcenter.coretelephony.xpc was invalidated.}
2019-07-23 02:22:50.359260+0530 pulse.iOS[84071:6029374] [Client] Sending selectors failed with: Error Domain=NSCocoaErrorDomain Code=4099 "The connection to service named com.apple.commcenter.coretelephony.xpc was invalidated." UserInfo={NSDebugDescription=The connection to service named com.apple.commcenter.coretelephony.xpc was invalidated.}
2019-07-23 02:22:50.360750+0530 pulse.iOS[84071:6029323] [NetworkInfo] Descriptors query returned error: Error Domain=NSCocoaErrorDomain Code=4099 "The connection to service named com.apple.commcenter.coretelephony.xpc was invalidated." UserInfo={NSDebugDescription=The connection to service named com.apple.commcenter.coretelephony.xpc was invalidated.}
2019-07-23 02:22:50.362213+0530 pulse.iOS[84071:6029323] [Client] Synchronous remote object proxy returned error: Error Domain=NSCocoaErrorDomain Code=4099 "The connection to service named com.apple.commcenter.coretelephony.xpc was invalidated." UserInfo={NSDebugDescription=The connection to service named com.apple.commcenter.coretelephony.xpc was invalidated.}
2019-07-23 02:22:50.362333+0530 pulse.iOS[84071:6029375] [Client] Remote object proxy returned error: Error Domain=NSCocoaErrorDomain Code=4099 "The connection to service named com.apple.commcenter.coretelephony.xpc was invalidated." UserInfo={NSDebugDescription=The connection to service named com.apple.commcenter.coretelephony.xpc was invalidated.}
2019-07-23 02:22:50.362681+0530 pulse.iOS[84071:6029323] [NetworkInfo] Descriptors query returned error: Error Domain=NSCocoaErrorDomain Code=4099 "The connection to service named com.apple.commcenter.coretelephony.xpc was invalidated." UserInfo={NSDebugDescription=The connection to service named com.apple.commcenter.coretelephony.xpc was invalidated.}
2019-07-23 02:22:50.363195+0530 pulse.iOS[84071:6029374] [Client] Sending selectors failed with: Error Domain=NSCocoaErrorDomain Code=4099 "The connection to service named com.apple.commcenter.coretelephony.xpc was invalidated." UserInfo={NSDebugDescription=The connection to service named com.apple.commcenter.coretelephony.xpc was invalidated.}
2019-07-23 02:22:50.363592+0530 pulse.iOS[84071:6029374] [Client] Sending selectors failed with: Error Domain=NSCocoaErrorDomain Code=4099 "The connection to service named com.apple.commcenter.coretelephony.xpc was invalidated." UserInfo={NSDebugDescription=The connection to service named com.apple.commcenter.coretelephony.xpc was invalidated.}
2019-07-23 02:22:50.363996+0530 pulse.iOS[84071:6029374] [Client] Sending selectors failed with: Error Domain=NSCocoaErrorDomain Code=4099 "The connection to service named com.apple.commcenter.coretelephony.xpc was invalidated." UserInfo={NSDebugDescription=The connection to service named com.apple.commcenter.coretelephony.xpc was invalidated.}
2019-07-23 02:22:50.370392+0530 pulse.iOS[84071:6029323] [AppCenter] WARNING: -[MSAuthTokenContext authTokenHistory]/210 Failed to retrieve history state or none was found.
2019-07-23 02:22:50.370733+0530 pulse.iOS[84071:6029323] [AppCenter] WARNING: -[MSAuthTokenContext setAuthTokenHistory:]/225 Failed to save new history state.
2019-07-23 02:22:50.688130+0530 pulse.iOS[84071:6029323] SecTaskLoadEntitlements failed error=22 cs_flags=200, pid=84071
2019-07-23 02:22:50.688419+0530 pulse.iOS[84071:6029323] SecTaskCopyDebugDescription: pulse.iOS[84071]/0#-1 LF=0
2019-07-23 02:22:50.854806+0530 pulse.iOS[84071:6029323] [AppCenterPush] WARNING: -[MSPush didFailToRegisterForRemoteNotificationsWithError:]/281 Registering for push notifications has been finished with error: remote notifications are not supported in the simulator
2019-07-23 02:25:50.042788+0530 pulse.iOS[84071:6029323] SecTaskLoadEntitlements failed error=22 cs_flags=200, pid=84071
2019-07-23 02:25:50.043027+0530 pulse.iOS[84071:6029323] SecTaskCopyDebugDescription: pulse.iOS[84071]/0#-1 LF=0
2019-07-23 02:25:50.056436+0530 pulse.iOS[84071:6029348] +[LOTShapeGroup shapeItemWithJSON:]: Warning: merge shape is not supported. name: Merge Paths 1
2019-07-23 02:25:50.057141+0530 pulse.iOS[84071:6029348] +[LOTShapeGroup shapeItemWithJSON:]: Warning: merge shape is not supported. name: Merge Paths 1
2019-07-23 02:25:50.073943+0530 pulse.iOS[84071:6029323] SecTaskLoadEntitlements failed error=22 cs_flags=200, pid=84071
2019-07-23 02:25:50.074210+0530 pulse.iOS[84071:6029323] SecTaskCopyDebugDescription: pulse.iOS[84071]/0#-1 LF=0
2019-07-23 02:25:51.905513+0530 pulse.iOS[84071:6029323] SecTaskLoadEntitlements failed error=22 cs_flags=200, pid=84071
2019-07-23 02:25:51.905793+0530 pulse.iOS[84071:6029323] SecTaskCopyDebugDescription: pulse.iOS[84071]/0#-1 LF=0
2019-07-23 02:26:10.347976+0530 pulse.iOS[84071:6029323] SecTaskLoadEntitlements failed error=22 cs_flags=200, pid=84071
2019-07-23 02:26:10.348284+0530 pulse.iOS[84071:6029323] SecTaskCopyDebugDescription: pulse.iOS[84071]/0#-1 LF=0
2019-07-23 02:26:12.789752+0530 pulse.iOS[84071:6029323] SecTaskLoadEntitlements failed error=22 cs_flags=200, pid=84071
2019-07-23 02:26:12.789976+0530 pulse.iOS[84071:6029323] SecTaskCopyDebugDescription: pulse.iOS[84071]/0#-1 LF=0
2019-07-23 02:26:13.260988+0530 pulse.iOS[84071:6029323] SecTaskLoadEntitlements failed error=22 cs_flags=200, pid=84071
2019-07-23 02:26:13.261558+0530 pulse.iOS[84071:6029323] SecTaskCopyDebugDescription: pulse.iOS[84071]/0#-1 LF=0
2019-07-23 02:26:18.491837+0530 pulse.iOS[84071:6029323] Button touch target does not meet minimum size guidlines of (48, 48). Button: <MDCButton: 0x7feaed43d980; baseClass = UIButton; frame = (0 0; 285 36); opaque = NO; layer = <MDCShapedShadowLayer: 0x600002267380>>, Touch Target: {285, 36}
2019-07-23 02:26:21.779393+0530 pulse.iOS[84071:6029323] SecTaskLoadEntitlements failed error=22 cs_flags=200, pid=84071
2019-07-23 02:26:21.779763+0530 pulse.iOS[84071:6029323] SecTaskCopyDebugDescription: pulse.iOS[84071]/0#-1 LF=0
2019-07-23 02:26:22.457333+0530 pulse.iOS[84071:6029323] Could not signal service com.apple.WebKit.WebContent: 113: Could not find specified service
2019-07-23 02:26:23.148679+0530 pulse.iOS[84071:6029323] SecTaskLoadEntitlements failed error=22 cs_flags=200, pid=84071
2019-07-23 02:26:23.148906+0530 pulse.iOS[84071:6029323] SecTaskCopyDebugDescription: pulse.iOS[84071]/0#-1 LF=0
2019-07-23 02:26:23.180245+0530 pulse.iOS[84071:6029323] SecTaskLoadEntitlements failed error=22 cs_flags=200, pid=84071
2019-07-23 02:26:23.180475+0530 pulse.iOS[84071:6029323] SecTaskCopyDebugDescription: pulse.iOS[84071]/0#-1 LF=0
2019-07-23 02:26:24.366859+0530 pulse.iOS[84071:6029323] SecTaskLoadEntitlements failed error=22 cs_flags=200, pid=84071
2019-07-23 02:26:24.367161+0530 pulse.iOS[84071:6029323] SecTaskCopyDebugDescription: pulse.iOS[84071]/0#-1 LF=0
2019-07-23 02:26:26.915949+0530 pulse.iOS[84071:6029323] SecTaskLoadEntitlements failed error=22 cs_flags=200, pid=84071
2019-07-23 02:26:26.916304+0530 pulse.iOS[84071:6029323] SecTaskCopyDebugDescription: pulse.iOS[84071]/0#-1 LF=0
